2012-01-18T20:13:28-06:00 INFO (6): Hello world
2012-01-18T20:13:36-06:00 INFO (6): Hello world
2012-01-18T20:16:38-06:00 INFO (6): Hello again
2012-01-18T20:53:54-06:00 INFO (6): User:512 has logged in
2012-01-18T20:55:34-06:00 INFO (6): User:512 has logged out
2012-01-18T20:56:01-06:00 INFO (6): User:512 has logged in
2012-01-19T16:10:07-06:00 INFO (6): User:512 has logged in
2012-01-19T16:17:25-06:00 INFO (6): User:574 has logged in
2012-01-19T16:20:44-06:00 INFO (6): User:512 has logged in
2012-01-19T17:42:21-06:00 INFO (6): User:604 has logged in
2012-01-19T17:44:40-06:00 INFO (6): User:604 has logged out
2012-01-19T17:48:47-06:00 INFO (6): User:512 has logged in
2012-01-19T18:20:16-06:00 INFO (6): User:574 has logged in
2012-01-19T18:38:14-06:00 INFO (6): User:574 has logged out
2012-01-19T18:53:18-06:00 INFO (6): User:574 has logged in
2012-01-19T18:54:26-06:00 INFO (6): User:512 has logged in
2012-01-19T20:35:17-06:00 INFO (6): User:512 has logged in
2012-01-20T13:33:02-06:00 INFO (6): User:512 has logged in
2012-01-20T13:41:31-06:00 INFO (6): User:512 has logged out
2012-01-20T14:49:09-06:00 INFO (6): User: has requested an Invitation
2012-01-20T15:06:30-06:00 INFO (6): User:cris@cristiantours.com has requested an Invitation
2012-01-20T15:28:17-06:00 INFO (6): User:cris@cristiantours.com has requested an Invitation
2012-01-20T15:30:36-06:00 INFO (6): User:cristian@test10.com has requested an Invitation
2012-01-20T15:31:12-06:00 INFO (6): User:607 has logged in
2012-01-20T15:32:31-06:00 INFO (6): User:607 has logged out
2012-01-20T15:33:16-06:00 INFO (6): User:608 has logged out
2012-01-20T16:29:24-06:00 INFO (6): User:512 has logged in
2012-01-20T16:46:37-06:00 INFO (6): User:609 has logged in
2012-01-20T16:47:38-06:00 INFO (6): User:609 has logged out
2012-01-20T16:55:36-06:00 INFO (6): User:594 has logged in
2012-01-20T17:02:36-06:00 INFO (6): User:610 has logged out
2012-01-20T17:06:48-06:00 INFO (6): User:512 has logged in
2012-01-20T17:25:42-06:00 INFO (6): User:606 has logged in
2012-01-20T17:43:58-06:00 INFO (6): User:512 has logged in
2012-01-20T18:17:32-06:00 INFO (6): User:611 has logged out
2012-01-20T18:17:50-06:00 INFO (6): User:609 has logged in
2012-01-20T18:20:22-06:00 INFO (6): User:574 has logged in
2012-01-20T18:51:28-06:00 INFO (6): User:606 has logged in
2012-01-20T19:03:04-06:00 INFO (6): User:612 has logged out
2012-01-20T19:03:22-06:00 INFO (6): User:512 has logged in
2012-01-20T19:27:11-06:00 INFO (6): User:574 has logged in
2012-01-20T19:53:09-06:00 INFO (6): User:512 has logged in
2012-01-23T09:46:46-06:00 INFO (6): User:512 has logged in
2012-01-23T09:46:58-06:00 INFO (6): User:512 has logged out
2012-01-23T11:22:46-06:00 INFO (6): User:512 has logged in
2012-01-23T16:18:42-06:00 INFO (6): User:596 has logged in
2012-01-23T16:28:43-06:00 INFO (6): User:574 has logged in
2012-01-23T16:29:00-06:00 INFO (6): User:614 has logged out
2012-01-23T16:35:43-06:00 INFO (6): User:614 has logged in
2012-01-23T16:47:43-06:00 INFO (6): User:596 has logged out
2012-01-23T17:09:39-06:00 INFO (6): User:614 has logged in
2012-01-23T17:55:54-06:00 INFO (6): User:614 has logged in
2012-01-23T17:56:25-06:00 INFO (6): User:614 has logged in
2012-01-23T17:59:59-06:00 INFO (6): User:614 has logged in
2012-01-23T18:06:43-06:00 INFO (6): User:512 has logged in
2012-01-23T18:08:47-06:00 INFO (6): User:512 has logged in
2012-01-23T18:09:19-06:00 INFO (6): User:512 has logged in
2012-01-23T18:30:09-06:00 INFO (6): User:614 has logged in
2012-01-23T18:36:36-06:00 INFO (6): User:512 has logged in
2012-01-23T19:33:16-06:00 INFO (6): User:614 has logged out
2012-01-24T10:35:26-06:00 INFO (6): User:614 has logged in
2012-01-24T10:35:54-06:00 INFO (6): User:614 has logged out
2012-01-24T10:36:13-06:00 INFO (6): User:614 has logged in
2012-01-24T11:56:29-06:00 INFO (6): User:512 has logged in
2012-01-24T11:59:40-06:00 INFO (6): User:512 has logged out
2012-01-24T14:03:47-06:00 INFO (6): User:512 has logged in
2012-01-24T14:46:52-06:00 INFO (6): User:512 has logged in
2012-01-24T16:58:37-06:00 INFO (6): User:512 has logged in
2012-01-24T20:23:42-06:00 INFO (6): User:580 has logged in
2012-01-24T20:31:52-06:00 INFO (6): User:580 has logged out
2012-01-24T20:32:18-06:00 INFO (6): User:599 has logged in
2012-01-25T12:28:53-06:00 INFO (6): User:617 has logged in
2012-01-25T13:47:07-06:00 INFO (6): User:617 has logged in
2012-01-25T14:37:46-06:00 INFO (6): User:617 has logged in
2012-01-25T15:15:16-06:00 INFO (6): User:617 has logged in
2012-01-25T15:29:19-06:00 INFO (6): User:584 has logged in
2012-01-25T17:04:12-06:00 INFO (6): User:512 has logged in
2012-01-25T17:06:37-06:00 INFO (6): User:512 has logged in
2012-01-25T17:46:50-06:00 INFO (6): User:512 has logged out
2012-01-25T17:52:52-06:00 INFO (6): User:512 has logged in
2012-01-25T18:30:55-06:00 INFO (6): User:512 has logged in
2012-01-25T19:20:00-06:00 INFO (6): User:512 has logged in
2012-01-25T20:27:08-06:00 INFO (6): User:512 has logged in
2012-01-26T11:18:59-06:00 INFO (6): User:337 has logged in
2012-01-26T11:28:54-06:00 INFO (6): User:337 has logged out
2012-01-26T11:36:47-06:00 INFO (6): User:503 has logged in
2012-01-26T11:36:47-06:00 INFO (6): User:483 has logged in
2012-01-26T11:38:31-06:00 INFO (6): User:503 has logged out
2012-01-26T11:51:08-06:00 INFO (6): User:483 has logged out
2012-01-26T11:54:34-06:00 INFO (6): User:469 has logged in
2012-01-26T12:25:37-06:00 INFO (6): User:469 has logged out
2012-01-26T12:25:50-06:00 INFO (6): User:441 has logged in
2012-01-26T12:38:17-06:00 INFO (6): User:441 has logged out
2012-01-26T12:38:28-06:00 INFO (6): User:503 has logged in
2012-01-26T13:11:17-06:00 INFO (6): User:618 has logged out
2012-01-26T13:24:23-06:00 INFO (6): User:618 has logged in
2012-01-26T13:46:12-06:00 INFO (6): User:618 has logged in
2012-01-26T14:02:25-06:00 INFO (6): User:568 has logged in
2012-01-26T14:03:16-06:00 INFO (6): User:618 has logged out
2012-01-26T14:04:20-06:00 INFO (6): User:568 has logged out
2012-01-26T14:05:02-06:00 INFO (6): User:569 has logged in
2012-01-26T14:05:15-06:00 INFO (6): User:569 has logged out
2012-01-26T14:05:29-06:00 INFO (6): User:570 has logged in
2012-01-26T14:11:41-06:00 INFO (6): User:512 has logged in
2012-01-26T14:25:20-06:00 INFO (6): User:570 has logged out
2012-01-26T14:25:26-06:00 INFO (6): User:570 has logged in
2012-01-26T14:28:08-06:00 INFO (6): User:570 has logged out
2012-01-26T14:28:14-06:00 INFO (6): User:571 has logged in
2012-01-26T14:39:02-06:00 INFO (6): User:571 has logged out
2012-01-26T14:41:24-06:00 INFO (6): User:573 has logged in
2012-01-26T14:52:25-06:00 INFO (6): User:573 has logged out
2012-01-26T14:52:52-06:00 INFO (6): User:574 has logged in
2012-01-26T14:54:02-06:00 INFO (6): User:467 has logged in
2012-01-26T14:59:55-06:00 INFO (6): User:574 has logged out
2012-01-26T15:00:04-06:00 INFO (6): User:580 has logged in
2012-01-26T15:04:42-06:00 INFO (6): User:580 has logged out
2012-01-26T15:05:18-06:00 INFO (6): User:617 has logged in
2012-01-26T15:09:28-06:00 INFO (6): User:617 has logged out
2012-01-26T15:09:35-06:00 INFO (6): User:575 has logged in
2012-01-26T15:14:13-06:00 INFO (6): User:575 has logged out
2012-01-26T15:16:00-06:00 INFO (6): User:467 has logged out
2012-01-26T15:16:19-06:00 INFO (6): User:463 has logged in
2012-01-26T15:17:37-06:00 INFO (6): User:576 has logged in
2012-01-26T15:21:29-06:00 INFO (6): User:576 has logged out
2012-01-26T15:21:37-06:00 INFO (6): User:577 has logged in
2012-01-26T15:24:01-06:00 INFO (6): User:577 has logged out
2012-01-26T15:26:02-06:00 INFO (6): User:578 has logged in
2012-01-26T15:33:45-06:00 INFO (6): User:578 has logged out
2012-01-26T15:33:53-06:00 INFO (6): User:579 has logged in
2012-01-26T15:36:08-06:00 INFO (6): User:579 has logged out
2012-01-26T15:36:14-06:00 INFO (6): User:581 has logged in
2012-01-26T15:51:52-06:00 INFO (6): User:463 has logged out
2012-01-26T15:51:58-06:00 INFO (6): User:617 has logged in
2012-01-26T15:59:48-06:00 INFO (6): User:581 has logged out
2012-01-26T15:59:55-06:00 INFO (6): User:617 has logged out
2012-01-26T16:00:25-06:00 INFO (6): User:441 has logged in
2012-01-26T16:14:02-06:00 INFO (6): User:619 has logged in
2012-01-26T16:22:30-06:00 INFO (6): User:441 has logged out
2012-01-26T16:22:42-06:00 INFO (6): User:582 has logged in
2012-01-26T16:46:01-06:00 INFO (6): User:582 has logged out
2012-01-26T16:46:21-06:00 INFO (6): User:620 has logged in
2012-01-26T16:51:33-06:00 INFO (6): User:619 has logged out
2012-01-26T17:04:47-06:00 INFO (6): User:620 has logged out
2012-01-26T17:07:20-06:00 INFO (6): User:570 has logged in
2012-01-26T17:08:07-06:00 INFO (6): User:463 has logged in
2012-01-26T17:10:16-06:00 INFO (6): User:570 has logged out
2012-01-26T17:16:59-06:00 INFO (6): User:571 has logged in
2012-01-26T17:20:35-06:00 INFO (6): User:571 has logged out
2012-01-26T17:20:47-06:00 INFO (6): User:573 has logged in
2012-01-26T17:25:56-06:00 INFO (6): User:573 has logged out
2012-01-26T17:27:45-06:00 INFO (6): User:574 has logged in
2012-01-26T17:29:34-06:00 INFO (6): User:574 has logged out
2012-01-26T17:29:41-06:00 INFO (6): User:575 has logged in
2012-01-26T17:32:25-06:00 INFO (6): User:575 has logged out
2012-01-26T17:33:04-06:00 INFO (6): User:577 has logged in
2012-01-26T17:34:36-06:00 INFO (6): User:577 has logged out
2012-01-26T17:34:42-06:00 INFO (6): User:463 has logged out
2012-01-26T17:34:56-06:00 INFO (6): User:467 has logged in
2012-01-26T17:35:30-06:00 INFO (6): User:578 has logged in
2012-01-26T17:46:26-06:00 INFO (6): User:578 has logged out
2012-01-26T17:46:35-06:00 INFO (6): User:579 has logged in
2012-01-26T17:48:39-06:00 INFO (6): User:579 has logged out
2012-01-26T17:48:49-06:00 INFO (6): User:581 has logged in
2012-01-26T17:49:58-06:00 INFO (6): User:581 has logged out
2012-01-26T17:50:05-06:00 INFO (6): User:581 has logged in
2012-01-26T17:50:10-06:00 INFO (6): User:581 has logged out
2012-01-26T17:51:18-06:00 INFO (6): User:582 has logged in
2012-01-26T17:53:31-06:00 INFO (6): User:582 has logged out
2012-01-26T17:53:39-06:00 INFO (6): User:620 has logged in
2012-01-26T17:54:12-06:00 INFO (6): User:467 has logged out
2012-01-26T17:56:10-06:00 INFO (6): User:407 has logged in
2012-01-26T18:07:54-06:00 INFO (6): User:512 has logged in
2012-01-26T18:09:11-06:00 INFO (6): User:503 has logged in
2012-01-26T18:20:03-06:00 INFO (6): User:503 has logged out
2012-01-26T18:20:22-06:00 INFO (6): User:441 has logged in
2012-01-26T18:25:18-06:00 INFO (6): User:441 has logged out
2012-01-26T18:25:26-06:00 INFO (6): User:469 has logged in
2012-01-26T18:27:58-06:00 INFO (6): User:469 has logged out
2012-01-26T18:28:07-06:00 INFO (6): User:483 has logged in
2012-01-26T18:34:48-06:00 INFO (6): User:483 has logged out
2012-01-26T18:35:07-06:00 INFO (6): User:617 has logged in
2012-01-26T18:36:49-06:00 INFO (6): User:617 has logged out
2012-01-26T18:36:54-06:00 INFO (6): User:580 has logged in
2012-01-26T18:42:04-06:00 INFO (6): User:580 has logged out
2012-01-26T18:42:32-06:00 INFO (6): User:614 has logged in
2012-01-26T18:46:18-06:00 INFO (6): User:407 has logged out
2012-01-26T18:46:56-06:00 INFO (6): User:614 has logged out
2012-01-26T18:48:31-06:00 INFO (6): User:407 has logged in
2012-01-26T19:08:24-06:00 INFO (6): User:614 has logged in
2012-01-26T20:04:08-06:00 INFO (6): User:512 has logged in
2012-01-26T20:06:44-06:00 INFO (6): User:484 has logged in
2012-01-27T07:58:40-06:00 INFO (6): User:582 has logged in
2012-01-27T10:14:30-06:00 INFO (6): User:512 has logged in
2012-01-27T10:36:48-06:00 INFO (6): User:407 has logged in
2012-01-27T11:01:36-06:00 INFO (6): User:512 has logged in
2012-01-27T11:11:33-06:00 INFO (6): User:616 has logged in
2012-01-27T11:13:26-06:00 INFO (6): User:616 has logged out
2012-01-27T11:14:36-06:00 INFO (6): User:614 has logged in
2012-01-27T11:37:43-06:00 INFO (6): User:484 has logged in
2012-01-27T12:02:53-06:00 INFO (6): User:605 has logged in
2012-01-27T12:05:08-06:00 INFO (6): User:605 has logged out
2012-01-27T12:09:43-06:00 INFO (6): User:193 has logged in
2012-01-27T12:09:53-06:00 INFO (6): User:193 has logged out
2012-01-27T12:10:23-06:00 INFO (6): User:193 has logged in
2012-01-27T12:28:57-06:00 INFO (6): User:193 has logged out
2012-01-27T12:29:30-06:00 INFO (6): User:193 has logged in
2012-01-27T12:30:10-06:00 INFO (6): User:193 has logged out
2012-01-27T12:30:18-06:00 INFO (6): User:605 has logged in
2012-01-27T12:31:48-06:00 INFO (6): User:605 has logged out
2012-01-27T12:32:06-06:00 INFO (6): User:605 has logged in
2012-01-27T12:36:07-06:00 INFO (6): User:605 has logged out
2012-01-27T13:10:49-06:00 INFO (6): User:484 has logged in
2012-01-27T13:36:48-06:00 INFO (6): User:484 has logged in
2012-01-27T13:41:42-06:00 INFO (6): User:573 has logged in
2012-01-27T13:48:43-06:00 INFO (6): User:573 has logged out
2012-01-27T13:48:51-06:00 INFO (6): User:574 has logged in
2012-01-27T13:51:41-06:00 INFO (6): User:574 has logged out
2012-01-27T13:52:13-06:00 INFO (6): User:575 has logged in
2012-01-27T13:59:22-06:00 INFO (6): User:575 has logged out
2012-01-27T14:00:00-06:00 INFO (6): User:577 has logged in
2012-01-27T14:08:26-06:00 INFO (6): User:577 has logged out
2012-01-27T14:09:02-06:00 INFO (6): User:578 has logged in
2012-01-27T14:12:43-06:00 INFO (6): User:578 has logged out
2012-01-27T14:13:10-06:00 INFO (6): User:579 has logged in
2012-01-27T14:19:47-06:00 INFO (6): User:579 has logged out
2012-01-27T14:23:41-06:00 INFO (6): User:582 has logged in
2012-01-27T14:25:22-06:00 INFO (6): User:582 has logged in
2012-01-27T17:55:12-06:00 INFO (6): User:512 has logged in
2012-01-27T18:18:57-06:00 INFO (6): User:337 has logged in
2012-01-28T15:30:27-06:00 INFO (6): User:622 has logged out
2012-01-30T11:41:06-06:00 INFO (6): User:574 has logged in
2012-01-30T13:47:25-06:00 INFO (6): User:512 has logged in
2012-01-30T14:38:26-06:00 INFO (6): User:605 has logged in
2012-01-30T16:38:02-06:00 INFO (6): User:512 has logged in
2012-01-30T17:39:26-06:00 INFO (6): User:512 has logged in
2012-01-31T03:00:59-06:00 INFO (6): User:512 has logged out
2012-01-31T03:01:22-06:00 INFO (6): User:29 has logged in
2012-02-01T16:33:37-06:00 INFO (6): User:29 has logged in
2012-02-01T16:39:00-06:00 INFO (6): User:512 has logged out
2012-02-01T16:40:31-06:00 INFO (6): User:29 has logged in
2012-02-01T16:41:50-06:00 INFO (6): User:29 has logged in
2012-02-02T09:59:40-06:00 INFO (6): User:512 has logged in
2012-02-02T16:08:23-06:00 INFO (6): User:512 has logged in
2012-02-02T16:16:39-06:00 INFO (6): User:512 has logged out
2012-02-02T16:16:50-06:00 INFO (6): User:512 has logged in
2012-02-03T00:24:39-06:00 INFO (6): User:512 has logged out
2012-02-03T00:24:55-06:00 INFO (6): User:29 has logged in
2012-02-03T03:22:37-06:00 INFO (6): User:512 has logged in
2012-02-03T15:40:20-06:00 INFO (6): User:512 has logged in
2012-02-03T15:56:53-06:00 INFO (6): User:29 has logged in
2012-02-03T16:35:11-06:00 INFO (6): User:512 has logged out
2012-02-03T21:55:17-06:00 INFO (6): User:512 has logged in
2012-02-03T22:08:19-06:00 INFO (6): User:512 has logged out
2012-02-06T14:19:12-06:00 INFO (6): User:29 has logged in
2012-02-06T17:32:54-06:00 INFO (6): User:29 has logged out
2012-02-06T23:40:06-06:00 INFO (6): User:512 has logged in
2012-02-06T23:41:51-06:00 INFO (6): User:29 has logged in
2012-02-10T18:00:51-06:00 INFO (6): User:37 has logged in
2012-02-10T18:02:47-06:00 INFO (6): User:37 has logged out
2012-02-10T18:05:34-06:00 INFO (6): User:34 has logged in
2012-02-10T21:31:11-06:00 INFO (6): User:34 has logged in
2012-02-13T14:35:53-06:00 INFO (6): User:29 has logged in
2012-02-13T16:39:35-06:00 INFO (6): User:29 has logged in
2012-02-13T17:25:42-06:00 INFO (6): User:29 has logged out
2012-02-13T17:26:06-06:00 INFO (6): User:29 has logged out
2012-02-13T17:29:20-06:00 INFO (6): User:29 has logged in
2012-02-13T17:35:41-06:00 INFO (6): User:29 has logged in
2012-02-13T18:04:48-06:00 INFO (6): User:29 has logged in
2012-02-13T19:16:55-06:00 INFO (6): User:29 has logged in
2012-02-14T15:58:03-06:00 INFO (6): User:29 has logged in
