2012-01-18T19:38:30-06:00 CRIT (2): Application error
2012-01-18T19:38:30-06:00 CRIT (2): Request Parameters
2012-01-18T19:40:42-06:00 CRIT (2): Application error
2012-01-18T19:40:42-06:00 CRIT (2): Request Parameters
2012-01-18T19:44:27-06:00 CRIT (2): Application error, exception 'Exception' in /var/www/library/WS/ListingService.php:524
Stack trace:
#0 /var/www/appvendors/controllers/ProviderController.php(1384): WS_ListingService->getListing('1', '777')
#1 /var/www/appvendors/controllers/ProviderController.php(107): ProviderController->listingsEditTask()
#2 /var/www/library/Zend/Controller/Action.php(513): ProviderController->listingsAction()
#3 /var/www/library/Zend/Controller/Dispatcher/Standard.php(295): Zend_Controller_Action->dispatch('listingsAction')
#4 /var/www/library/Zend/Controller/Front.php(954): Zend_Controller_Dispatcher_Standard->dispatch(Object(Zend_Controller_Request_Http), Object(Zend_Controller_Response_Http))
#5 /var/www/library/Zend/Application/Bootstrap/Bootstrap.php(97): Zend_Controller_Front->dispatch()
#6 /var/www/library/Zend/Application.php(366): Zend_Application_Bootstrap_Bootstrap->run()
#7 /var/www/partners/index.php(26): Zend_Application->run()
#8 {main}
2012-01-18T19:44:27-06:00 CRIT (2): Request Parameters, Array
2012-01-18T19:45:34-06:00 CRIT (2): Application error, exception 'Exception' in /var/www/library/WS/ListingService.php:524
Stack trace:
#0 /var/www/appvendors/controllers/ProviderController.php(1384): WS_ListingService->getListing('1', '777')
#1 /var/www/appvendors/controllers/ProviderController.php(107): ProviderController->listingsEditTask()
#2 /var/www/library/Zend/Controller/Action.php(513): ProviderController->listingsAction()
#3 /var/www/library/Zend/Controller/Dispatcher/Standard.php(295): Zend_Controller_Action->dispatch('listingsAction')
#4 /var/www/library/Zend/Controller/Front.php(954): Zend_Controller_Dispatcher_Standard->dispatch(Object(Zend_Controller_Request_Http), Object(Zend_Controller_Response_Http))
#5 /var/www/library/Zend/Application/Bootstrap/Bootstrap.php(97): Zend_Controller_Front->dispatch()
#6 /var/www/library/Zend/Application.php(366): Zend_Application_Bootstrap_Bootstrap->run()
#7 /var/www/partners/index.php(26): Zend_Application->run()
#8 {main}
2012-01-18T19:45:34-06:00 CRIT (2): Request Parameters, 1
2012-01-18T19:45:51-06:00 CRIT (2): Application error, exception 'Exception' in /var/www/library/WS/ListingService.php:524
Stack trace:
#0 /var/www/appvendors/controllers/ProviderController.php(1384): WS_ListingService->getListing('1', '777')
#1 /var/www/appvendors/controllers/ProviderController.php(107): ProviderController->listingsEditTask()
#2 /var/www/library/Zend/Controller/Action.php(513): ProviderController->listingsAction()
#3 /var/www/library/Zend/Controller/Dispatcher/Standard.php(295): Zend_Controller_Action->dispatch('listingsAction')
#4 /var/www/library/Zend/Controller/Front.php(954): Zend_Controller_Dispatcher_Standard->dispatch(Object(Zend_Controller_Request_Http), Object(Zend_Controller_Response_Http))
#5 /var/www/library/Zend/Application/Bootstrap/Bootstrap.php(97): Zend_Controller_Front->dispatch()
#6 /var/www/library/Zend/Application.php(366): Zend_Application_Bootstrap_Bootstrap->run()
#7 /var/www/partners/index.php(26): Zend_Application->run()
#8 {main}
2012-01-18T19:48:05-06:00 CRIT (2): Application error, exception 'Exception' in /var/www/library/WS/ListingService.php:524
Stack trace:
#0 /var/www/appvendors/controllers/ProviderController.php(1384): WS_ListingService->getListing('1', '777')
#1 /var/www/appvendors/controllers/ProviderController.php(107): ProviderController->listingsEditTask()
#2 /var/www/library/Zend/Controller/Action.php(513): ProviderController->listingsAction()
#3 /var/www/library/Zend/Controller/Dispatcher/Standard.php(295): Zend_Controller_Action->dispatch('listingsAction')
#4 /var/www/library/Zend/Controller/Front.php(954): Zend_Controller_Dispatcher_Standard->dispatch(Object(Zend_Controller_Request_Http), Object(Zend_Controller_Response_Http))
#5 /var/www/library/Zend/Application/Bootstrap/Bootstrap.php(97): Zend_Controller_Front->dispatch()
#6 /var/www/library/Zend/Application.php(366): Zend_Application_Bootstrap_Bootstrap->run()
#7 /var/www/partners/index.php(26): Zend_Application->run()
#8 {main}
2012-01-18T19:48:05-06:00 CRIT (2): Request Parameters, Array
(
    [lang] => en-US
    [action] => listings
    [task] => edit
    [id] => 1
    [controller] => provider
    [module] => default
    [tab] => default
)

2012-01-18T19:58:05-06:00 CRIT (2): Application error, exception 'Exception' in /var/www/library/WS/ListingService.php:524
Stack trace:
#0 /var/www/appvendors/controllers/ProviderController.php(1384): WS_ListingService->getListing('1', '777')
#1 /var/www/appvendors/controllers/ProviderController.php(107): ProviderController->listingsEditTask()
#2 /var/www/library/Zend/Controller/Action.php(513): ProviderController->listingsAction()
#3 /var/www/library/Zend/Controller/Dispatcher/Standard.php(295): Zend_Controller_Action->dispatch('listingsAction')
#4 /var/www/library/Zend/Controller/Front.php(954): Zend_Controller_Dispatcher_Standard->dispatch(Object(Zend_Controller_Request_Http), Object(Zend_Controller_Response_Http))
#5 /var/www/library/Zend/Application/Bootstrap/Bootstrap.php(97): Zend_Controller_Front->dispatch()
#6 /var/www/library/Zend/Application.php(366): Zend_Application_Bootstrap_Bootstrap->run()
#7 /var/www/partners/index.php(26): Zend_Application->run()
#8 {main}
2012-01-18T19:58:05-06:00 CRIT (2): Request Parameters, Array
(
    [lang] => en-US
    [action] => listings
    [task] => edit
    [id] => 1
    [controller] => provider
    [module] => default
    [tab] => default
)

2012-01-18T20:04:16-06:00 CRIT (2): Application error, exception 'Exception' in /var/www/library/WS/ListingService.php:524
Stack trace:
#0 /var/www/appvendors/controllers/ProviderController.php(1384): WS_ListingService->getListing('1', '777')
#1 /var/www/appvendors/controllers/ProviderController.php(107): ProviderController->listingsEditTask()
#2 /var/www/library/Zend/Controller/Action.php(513): ProviderController->listingsAction()
#3 /var/www/library/Zend/Controller/Dispatcher/Standard.php(295): Zend_Controller_Action->dispatch('listingsAction')
#4 /var/www/library/Zend/Controller/Front.php(954): Zend_Controller_Dispatcher_Standard->dispatch(Object(Zend_Controller_Request_Http), Object(Zend_Controller_Response_Http))
#5 /var/www/library/Zend/Application/Bootstrap/Bootstrap.php(97): Zend_Controller_Front->dispatch()
#6 /var/www/library/Zend/Application.php(366): Zend_Application_Bootstrap_Bootstrap->run()
#7 /var/www/partners/index.php(26): Zend_Application->run()
#8 {main}
2012-01-18T20:04:16-06:00 CRIT (2): Request Parameters, Array
(
    [lang] => en-US
    [action] => listings
    [task] => edit
    [id] => 1
    [controller] => provider
    [module] => default
    [tab] => default
)

2012-01-18T20:13:28-06:00 CRIT (2): Application error, exception 'Exception' in /var/www/library/WS/ListingService.php:524
Stack trace:
#0 /var/www/appvendors/controllers/ProviderController.php(1386): WS_ListingService->getListing('1', '777')
#1 /var/www/appvendors/controllers/ProviderController.php(109): ProviderController->listingsEditTask()
#2 /var/www/library/Zend/Controller/Action.php(513): ProviderController->listingsAction()
#3 /var/www/library/Zend/Controller/Dispatcher/Standard.php(295): Zend_Controller_Action->dispatch('listingsAction')
#4 /var/www/library/Zend/Controller/Front.php(954): Zend_Controller_Dispatcher_Standard->dispatch(Object(Zend_Controller_Request_Http), Object(Zend_Controller_Response_Http))
#5 /var/www/library/Zend/Application/Bootstrap/Bootstrap.php(97): Zend_Controller_Front->dispatch()
#6 /var/www/library/Zend/Application.php(366): Zend_Application_Bootstrap_Bootstrap->run()
#7 /var/www/partners/index.php(26): Zend_Application->run()
#8 {main}
2012-01-18T20:13:28-06:00 CRIT (2): Request Parameters, Array
(
    [lang] => en-US
    [action] => listings
    [task] => edit
    [id] => 1
    [controller] => provider
    [module] => default
    [tab] => default
)

2012-01-19T18:09:38-06:00 CRIT (2): Application error, exception 'Zend_Db_Table_Row_Exception' with message 'Specified column "559f25740c9ba13112a2506751c5de14" is not in the row' in /var/www/library/Zend/Db/Table/Row/Abstract.php:197
Stack trace:
#0 /var/www/appvendors/controllers/ProviderController.php(533): Zend_Db_Table_Row_Abstract->__set('559f25740c9ba13...', ' ')
#1 /var/www/appvendors/controllers/ProviderController.php(161): ProviderController->listingLocationTask()
#2 /var/www/library/Zend/Controller/Action.php(513): ProviderController->listingsAction()
#3 /var/www/library/Zend/Controller/Dispatcher/Standard.php(295): Zend_Controller_Action->dispatch('listingsAction')
#4 /var/www/library/Zend/Controller/Front.php(954): Zend_Controller_Dispatcher_Standard->dispatch(Object(Zend_Controller_Request_Http), Object(Zend_Controller_Response_Http))
#5 /var/www/library/Zend/Application/Bootstrap/Bootstrap.php(97): Zend_Controller_Front->dispatch()
#6 /var/www/library/Zend/Application.php(366): Zend_Application_Bootstrap_Bootstrap->run()
#7 /var/www/partners/index.php(26): Zend_Application->run()
#8 {main}
2012-01-19T18:09:38-06:00 CRIT (2): Request Parameters, Array
(
    [lang] => en-US
    [action] => listings
    [task] => location
    [id] => 399
    [controller] => provider
    [module] => default
    [tab] => default
    [location] => boat
    [_task] => 559f25740c9ba13112a2506751c5de14
    [ids] => 399
    [listing_token] => 751e0a1c4e6fb6cab1af56e6204441c0
    [form_id] => 66dc268455e3c34b3aee8052db077251
)

2012-01-20T16:38:34-06:00 CRIT (2): Application error, exception 'Exception' with message 'Page not found' in /var/www/appvendors/controllers/ProviderController.php:1334
Stack trace:
#0 /var/www/appvendors/controllers/ProviderController.php(147): ProviderController->listingsNewTask()
#1 /var/www/library/Zend/Controller/Action.php(513): ProviderController->listingsAction()
#2 /var/www/library/Zend/Controller/Dispatcher/Standard.php(295): Zend_Controller_Action->dispatch('listingsAction')
#3 /var/www/library/Zend/Controller/Front.php(954): Zend_Controller_Dispatcher_Standard->dispatch(Object(Zend_Controller_Request_Http), Object(Zend_Controller_Response_Http))
#4 /var/www/library/Zend/Application/Bootstrap/Bootstrap.php(97): Zend_Controller_Front->dispatch()
#5 /var/www/library/Zend/Application.php(366): Zend_Application_Bootstrap_Bootstrap->run()
#6 /var/www/partners/index.php(26): Zend_Application->run()
#7 {main}
2012-01-20T16:38:34-06:00 CRIT (2): Request Parameters, Array
(
    [lang] => en-US
    [action] => listings
    [task] => new
    [id] => 400
    [tab] => step3
    [controller] => provider
    [module] => default
)

2012-01-20T17:01:41-06:00 CRIT (2): Application error, exception 'Zend_View_Exception' with message 'script 'provider/listings.phtml' not found in path (/var/www/appvendors/views/scripts/)' in /var/www/library/Zend/View/Abstract.php:988
Stack trace:
#0 /var/www/library/Zend/View/Abstract.php(884): Zend_View_Abstract->_script('provider/listin...')
#1 /var/www/library/Zend/Controller/Action/Helper/ViewRenderer.php(908): Zend_View_Abstract->render('provider/listin...')
#2 /var/www/library/Zend/Controller/Action/Helper/ViewRenderer.php(929): Zend_Controller_Action_Helper_ViewRenderer->renderScript('provider/listin...', NULL)
#3 /var/www/library/Zend/Controller/Action.php(212): Zend_Controller_Action_Helper_ViewRenderer->render('listings', NULL, false)
#4 /var/www/appvendors/controllers/ProviderController.php(86): Zend_Controller_Action->render('listings')
#5 /var/www/library/Zend/Controller/Action.php(513): ProviderController->listingsAction()
#6 /var/www/library/Zend/Controller/Dispatcher/Standard.php(295): Zend_Controller_Action->dispatch('listingsAction')
#7 /var/www/library/Zend/Controller/Front.php(954): Zend_Controller_Dispatcher_Standard->dispatch(Object(Zend_Controller_Request_Http), Object(Zend_Controller_Response_Http))
#8 /var/www/library/Zend/Application/Bootstrap/Bootstrap.php(97): Zend_Controller_Front->dispatch()
#9 /var/www/library/Zend/Application.php(366): Zend_Application_Bootstrap_Bootstrap->run()
#10 /var/www/partners/index.php(26): Zend_Application->run()
#11 {main}
2012-01-20T17:01:41-06:00 CRIT (2): Request Parameters, Array
(
    [lang] => en-US
    [action] => listings
    [controller] => provider
    [module] => default
    [task] => default
    [id] => default
    [tab] => default
)

2012-01-20T17:48:08-06:00 CRIT (2): Application error, exception 'PDOException' with message 'SQLSTATE[23000]: Integrity constraint violation: 1048 Column 'price' cannot be null' in /var/www/library/Zend/Db/Statement/Pdo.php:228
Stack trace:
#0 /var/www/library/Zend/Db/Statement/Pdo.php(228): PDOStatement->execute(Array)
#1 /var/www/library/Zend/Db/Statement.php(300): Zend_Db_Statement_Pdo->_execute(Array)
#2 /var/www/library/Zend/Db/Adapter/Abstract.php(479): Zend_Db_Statement->execute(Array)
#3 /var/www/library/Zend/Db/Adapter/Pdo/Abstract.php(238): Zend_Db_Adapter_Abstract->query('INSERT INTO `pr...', Array)
#4 /var/www/library/Zend/Db/Adapter/Abstract.php(575): Zend_Db_Adapter_Pdo_Abstract->query('INSERT INTO `pr...', Array)
#5 /var/www/library/Zend/Db/Table/Abstract.php(1075): Zend_Db_Adapter_Abstract->insert('prices', Array)
#6 /var/www/library/Zend/Db/Table/Row/Abstract.php(467): Zend_Db_Table_Abstract->insert(Array)
#7 /var/www/library/Zend/Db/Table/Row/Abstract.php(438): Zend_Db_Table_Row_Abstract->_doInsert()
#8 /var/www/library/WS/ListingService.php(938): Zend_Db_Table_Row_Abstract->save()
#9 /var/www/library/WS/ListingService.php(838): WS_ListingService->_updatePrice('643', 1, NULL, NULL)
#10 /var/www/appvendors/controllers/ProviderController.php(1322): WS_ListingService->updatePricesOf(Object(Zend_Db_Table_Row), Array)
#11 /var/www/appvendors/controllers/ProviderController.php(147): ProviderController->listingsNewTask()
#12 /var/www/library/Zend/Controller/Action.php(513): ProviderController->listingsAction()
#13 /var/www/library/Zend/Controller/Dispatcher/Standard.php(295): Zend_Controller_Action->dispatch('listingsAction')
#14 /var/www/library/Zend/Controller/Front.php(954): Zend_Controller_Dispatcher_Standard->dispatch(Object(Zend_Controller_Request_Http), Object(Zend_Controller_Response_Http))
#15 /var/www/library/Zend/Application/Bootstrap/Bootstrap.php(97): Zend_Controller_Front->dispatch()
#16 /var/www/library/Zend/Application.php(366): Zend_Application_Bootstrap_Bootstrap->run()
#17 /var/www/partners/index.php(26): Zend_Application->run()
#18 {main}

Next exception 'Zend_Db_Statement_Exception' with message 'SQLSTATE[23000]: Integrity constraint violation: 1048 Column 'price' cannot be null' in /var/www/library/Zend/Db/Statement/Pdo.php:234
Stack trace:
#0 /var/www/library/Zend/Db/Statement.php(300): Zend_Db_Statement_Pdo->_execute(Array)
#1 /var/www/library/Zend/Db/Adapter/Abstract.php(479): Zend_Db_Statement->execute(Array)
#2 /var/www/library/Zend/Db/Adapter/Pdo/Abstract.php(238): Zend_Db_Adapter_Abstract->query('INSERT INTO `pr...', Array)
#3 /var/www/library/Zend/Db/Adapter/Abstract.php(575): Zend_Db_Adapter_Pdo_Abstract->query('INSERT INTO `pr...', Array)
#4 /var/www/library/Zend/Db/Table/Abstract.php(1075): Zend_Db_Adapter_Abstract->insert('prices', Array)
#5 /var/www/library/Zend/Db/Table/Row/Abstract.php(467): Zend_Db_Table_Abstract->insert(Array)
#6 /var/www/library/Zend/Db/Table/Row/Abstract.php(438): Zend_Db_Table_Row_Abstract->_doInsert()
#7 /var/www/library/WS/ListingService.php(938): Zend_Db_Table_Row_Abstract->save()
#8 /var/www/library/WS/ListingService.php(838): WS_ListingService->_updatePrice('643', 1, NULL, NULL)
#9 /var/www/appvendors/controllers/ProviderController.php(1322): WS_ListingService->updatePricesOf(Object(Zend_Db_Table_Row), Array)
#10 /var/www/appvendors/controllers/ProviderController.php(147): ProviderController->listingsNewTask()
#11 /var/www/library/Zend/Controller/Action.php(513): ProviderController->listingsAction()
#12 /var/www/library/Zend/Controller/Dispatcher/Standard.php(295): Zend_Controller_Action->dispatch('listingsAction')
#13 /var/www/library/Zend/Controller/Front.php(954): Zend_Controller_Dispatcher_Standard->dispatch(Object(Zend_Controller_Request_Http), Object(Zend_Controller_Response_Http))
#14 /var/www/library/Zend/Application/Bootstrap/Bootstrap.php(97): Zend_Controller_Front->dispatch()
#15 /var/www/library/Zend/Application.php(366): Zend_Application_Bootstrap_Bootstrap->run()
#16 /var/www/partners/index.php(26): Zend_Application->run()
#17 {main}
2012-01-20T17:48:08-06:00 CRIT (2): Request Parameters, Array
(
    [lang] => en-US
    [action] => listings
    [task] => new
    [id] => 643
    [tab] => step6
    [controller] => provider
    [module] => default
    [ids] => 643
    [listing_token] => 9dec71210277e8238bd3dea10f926cf6
    [form_id] => 624a6e07ee6bac82480de2112230e7bb
    [_task] => a8f2c4d77ff6470248a6b07e30f8cf63
)

2012-01-26T14:44:27-06:00 CRIT (2): Application error, exception 'Exception' in /var/www/library/WS/ListingService.php:524
Stack trace:
#0 /var/www/appvendors/controllers/ProviderController.php(1849): WS_ListingService->getListing('601', '836')
#1 /var/www/appvendors/controllers/ProviderController.php(135): ProviderController->listingsPhotosTask()
#2 /var/www/library/Zend/Controller/Action.php(513): ProviderController->listingsAction()
#3 /var/www/library/Zend/Controller/Dispatcher/Standard.php(295): Zend_Controller_Action->dispatch('listingsAction')
#4 /var/www/library/Zend/Controller/Front.php(954): Zend_Controller_Dispatcher_Standard->dispatch(Object(Zend_Controller_Request_Http), Object(Zend_Controller_Response_Http))
#5 /var/www/library/Zend/Application/Bootstrap/Bootstrap.php(97): Zend_Controller_Front->dispatch()
#6 /var/www/library/Zend/Application.php(366): Zend_Application_Bootstrap_Bootstrap->run()
#7 /var/www/partners/index.php(26): Zend_Application->run()
#8 {main}
2012-01-26T14:44:27-06:00 CRIT (2): Request Parameters, Array
(
    [lang] => en-US
    [action] => listings
    [task] => photos
    [id] => 601
    [controller] => provider
    [module] => default
    [tab] => default
)

2012-01-26T14:55:23-06:00 CRIT (2): Application error, exception 'Exception' in /var/www/library/WS/ListingService.php:524
Stack trace:
#0 /var/www/appvendors/controllers/ProviderController.php(537): WS_ListingService->getListing('601', '837')
#1 /var/www/appvendors/controllers/ProviderController.php(169): ProviderController->listingLocationTask()
#2 /var/www/library/Zend/Controller/Action.php(513): ProviderController->listingsAction()
#3 /var/www/library/Zend/Controller/Dispatcher/Standard.php(295): Zend_Controller_Action->dispatch('listingsAction')
#4 /var/www/library/Zend/Controller/Front.php(954): Zend_Controller_Dispatcher_Standard->dispatch(Object(Zend_Controller_Request_Http), Object(Zend_Controller_Response_Http))
#5 /var/www/library/Zend/Application/Bootstrap/Bootstrap.php(97): Zend_Controller_Front->dispatch()
#6 /var/www/library/Zend/Application.php(366): Zend_Application_Bootstrap_Bootstrap->run()
#7 /var/www/partners/index.php(26): Zend_Application->run()
#8 {main}
2012-01-26T14:55:23-06:00 CRIT (2): Request Parameters, Array
(
    [lang] => en-US
    [action] => listings
    [task] => location
    [id] => 601
    [controller] => provider
    [module] => default
    [tab] => default
)

2012-01-26T14:55:25-06:00 CRIT (2): Application error, exception 'Exception' in /var/www/library/WS/ListingService.php:524
Stack trace:
#0 /var/www/appvendors/controllers/ProviderController.php(1849): WS_ListingService->getListing('601', '837')
#1 /var/www/appvendors/controllers/ProviderController.php(135): ProviderController->listingsPhotosTask()
#2 /var/www/library/Zend/Controller/Action.php(513): ProviderController->listingsAction()
#3 /var/www/library/Zend/Controller/Dispatcher/Standard.php(295): Zend_Controller_Action->dispatch('listingsAction')
#4 /var/www/library/Zend/Controller/Front.php(954): Zend_Controller_Dispatcher_Standard->dispatch(Object(Zend_Controller_Request_Http), Object(Zend_Controller_Response_Http))
#5 /var/www/library/Zend/Application/Bootstrap/Bootstrap.php(97): Zend_Controller_Front->dispatch()
#6 /var/www/library/Zend/Application.php(366): Zend_Application_Bootstrap_Bootstrap->run()
#7 /var/www/partners/index.php(26): Zend_Application->run()
#8 {main}
2012-01-26T14:55:25-06:00 CRIT (2): Request Parameters, Array
(
    [lang] => en-US
    [action] => listings
    [task] => photos
    [id] => 601
    [controller] => provider
    [module] => default
    [tab] => default
)

2012-01-26T14:55:25-06:00 CRIT (2): Application error, exception 'Exception' in /var/www/library/WS/ListingService.php:524
Stack trace:
#0 /var/www/appvendors/controllers/ProviderController.php(537): WS_ListingService->getListing('601', '837')
#1 /var/www/appvendors/controllers/ProviderController.php(169): ProviderController->listingLocationTask()
#2 /var/www/library/Zend/Controller/Action.php(513): ProviderController->listingsAction()
#3 /var/www/library/Zend/Controller/Dispatcher/Standard.php(295): Zend_Controller_Action->dispatch('listingsAction')
#4 /var/www/library/Zend/Controller/Front.php(954): Zend_Controller_Dispatcher_Standard->dispatch(Object(Zend_Controller_Request_Http), Object(Zend_Controller_Response_Http))
#5 /var/www/library/Zend/Application/Bootstrap/Bootstrap.php(97): Zend_Controller_Front->dispatch()
#6 /var/www/library/Zend/Application.php(366): Zend_Application_Bootstrap_Bootstrap->run()
#7 /var/www/partners/index.php(26): Zend_Application->run()
#8 {main}
2012-01-26T14:55:25-06:00 CRIT (2): Request Parameters, Array
(
    [lang] => en-US
    [action] => listings
    [task] => location
    [id] => 601
    [controller] => provider
    [module] => default
    [tab] => default
)

2012-01-26T14:55:26-06:00 CRIT (2): Application error, exception 'Exception' in /var/www/library/WS/ListingService.php:524
Stack trace:
#0 /var/www/appvendors/controllers/ProviderController.php(1849): WS_ListingService->getListing('601', '837')
#1 /var/www/appvendors/controllers/ProviderController.php(135): ProviderController->listingsPhotosTask()
#2 /var/www/library/Zend/Controller/Action.php(513): ProviderController->listingsAction()
#3 /var/www/library/Zend/Controller/Dispatcher/Standard.php(295): Zend_Controller_Action->dispatch('listingsAction')
#4 /var/www/library/Zend/Controller/Front.php(954): Zend_Controller_Dispatcher_Standard->dispatch(Object(Zend_Controller_Request_Http), Object(Zend_Controller_Response_Http))
#5 /var/www/library/Zend/Application/Bootstrap/Bootstrap.php(97): Zend_Controller_Front->dispatch()
#6 /var/www/library/Zend/Application.php(366): Zend_Application_Bootstrap_Bootstrap->run()
#7 /var/www/partners/index.php(26): Zend_Application->run()
#8 {main}
2012-01-26T14:55:26-06:00 CRIT (2): Request Parameters, Array
(
    [lang] => en-US
    [action] => listings
    [task] => photos
    [id] => 601
    [controller] => provider
    [module] => default
    [tab] => default
)

2012-01-26T14:55:28-06:00 CRIT (2): Application error, exception 'Exception' in /var/www/library/WS/ListingService.php:524
Stack trace:
#0 /var/www/appvendors/controllers/ProviderController.php(1849): WS_ListingService->getListing('601', '837')
#1 /var/www/appvendors/controllers/ProviderController.php(135): ProviderController->listingsPhotosTask()
#2 /var/www/library/Zend/Controller/Action.php(513): ProviderController->listingsAction()
#3 /var/www/library/Zend/Controller/Dispatcher/Standard.php(295): Zend_Controller_Action->dispatch('listingsAction')
#4 /var/www/library/Zend/Controller/Front.php(954): Zend_Controller_Dispatcher_Standard->dispatch(Object(Zend_Controller_Request_Http), Object(Zend_Controller_Response_Http))
#5 /var/www/library/Zend/Application/Bootstrap/Bootstrap.php(97): Zend_Controller_Front->dispatch()
#6 /var/www/library/Zend/Application.php(366): Zend_Application_Bootstrap_Bootstrap->run()
#7 /var/www/partners/index.php(26): Zend_Application->run()
#8 {main}
2012-01-26T14:55:28-06:00 CRIT (2): Request Parameters, Array
(
    [lang] => en-US
    [action] => listings
    [task] => photos
    [id] => 601
    [controller] => provider
    [module] => default
    [tab] => default
)

2012-01-26T14:55:29-06:00 CRIT (2): Application error, exception 'Exception' in /var/www/library/WS/ListingService.php:524
Stack trace:
#0 /var/www/appvendors/controllers/ProviderController.php(1849): WS_ListingService->getListing('601', '837')
#1 /var/www/appvendors/controllers/ProviderController.php(135): ProviderController->listingsPhotosTask()
#2 /var/www/library/Zend/Controller/Action.php(513): ProviderController->listingsAction()
#3 /var/www/library/Zend/Controller/Dispatcher/Standard.php(295): Zend_Controller_Action->dispatch('listingsAction')
#4 /var/www/library/Zend/Controller/Front.php(954): Zend_Controller_Dispatcher_Standard->dispatch(Object(Zend_Controller_Request_Http), Object(Zend_Controller_Response_Http))
#5 /var/www/library/Zend/Application/Bootstrap/Bootstrap.php(97): Zend_Controller_Front->dispatch()
#6 /var/www/library/Zend/Application.php(366): Zend_Application_Bootstrap_Bootstrap->run()
#7 /var/www/partners/index.php(26): Zend_Application->run()
#8 {main}
2012-01-26T14:55:29-06:00 CRIT (2): Request Parameters, Array
(
    [lang] => en-US
    [action] => listings
    [task] => photos
    [id] => 601
    [controller] => provider
    [module] => default
    [tab] => default
)

2012-01-26T16:01:36-06:00 CRIT (2): Application error, exception 'Exception' in /var/www/library/WS/ListingService.php:524
Stack trace:
#0 /var/www/appvendors/controllers/ProviderController.php(537): WS_ListingService->getListing('614', '505')
#1 /var/www/appvendors/controllers/ProviderController.php(169): ProviderController->listingLocationTask()
#2 /var/www/library/Zend/Controller/Action.php(513): ProviderController->listingsAction()
#3 /var/www/library/Zend/Controller/Dispatcher/Standard.php(295): Zend_Controller_Action->dispatch('listingsAction')
#4 /var/www/library/Zend/Controller/Front.php(954): Zend_Controller_Dispatcher_Standard->dispatch(Object(Zend_Controller_Request_Http), Object(Zend_Controller_Response_Http))
#5 /var/www/library/Zend/Application/Bootstrap/Bootstrap.php(97): Zend_Controller_Front->dispatch()
#6 /var/www/library/Zend/Application.php(366): Zend_Application_Bootstrap_Bootstrap->run()
#7 /var/www/partners/index.php(26): Zend_Application->run()
#8 {main}
2012-01-26T16:01:36-06:00 CRIT (2): Request Parameters, Array
(
    [lang] => en-US
    [action] => listings
    [task] => location
    [id] => 614
    [controller] => provider
    [module] => default
    [tab] => default
)

2012-01-26T16:01:39-06:00 CRIT (2): Application error, exception 'Exception' in /var/www/library/WS/ListingService.php:524
Stack trace:
#0 /var/www/appvendors/controllers/ProviderController.php(2181): WS_ListingService->getListing('614', '505')
#1 /var/www/appvendors/controllers/ProviderController.php(140): ProviderController->listingsPricingTask()
#2 /var/www/library/Zend/Controller/Action.php(513): ProviderController->listingsAction()
#3 /var/www/library/Zend/Controller/Dispatcher/Standard.php(295): Zend_Controller_Action->dispatch('listingsAction')
#4 /var/www/library/Zend/Controller/Front.php(954): Zend_Controller_Dispatcher_Standard->dispatch(Object(Zend_Controller_Request_Http), Object(Zend_Controller_Response_Http))
#5 /var/www/library/Zend/Application/Bootstrap/Bootstrap.php(97): Zend_Controller_Front->dispatch()
#6 /var/www/library/Zend/Application.php(366): Zend_Application_Bootstrap_Bootstrap->run()
#7 /var/www/partners/index.php(26): Zend_Application->run()
#8 {main}
2012-01-26T16:01:39-06:00 CRIT (2): Request Parameters, Array
(
    [lang] => en-US
    [action] => listings
    [task] => pricing
    [id] => 614
    [controller] => provider
    [module] => default
    [tab] => default
)

2012-01-26T16:01:42-06:00 CRIT (2): Application error, exception 'Exception' in /var/www/library/WS/ListingService.php:524
Stack trace:
#0 /var/www/appvendors/controllers/ProviderController.php(2080): WS_ListingService->getListing('614', '505')
#1 /var/www/appvendors/controllers/ProviderController.php(105): ProviderController->listingsCalendarTask()
#2 /var/www/library/Zend/Controller/Action.php(513): ProviderController->listingsAction()
#3 /var/www/library/Zend/Controller/Dispatcher/Standard.php(295): Zend_Controller_Action->dispatch('listingsAction')
#4 /var/www/library/Zend/Controller/Front.php(954): Zend_Controller_Dispatcher_Standard->dispatch(Object(Zend_Controller_Request_Http), Object(Zend_Controller_Response_Http))
#5 /var/www/library/Zend/Application/Bootstrap/Bootstrap.php(97): Zend_Controller_Front->dispatch()
#6 /var/www/library/Zend/Application.php(366): Zend_Application_Bootstrap_Bootstrap->run()
#7 /var/www/partners/index.php(26): Zend_Application->run()
#8 {main}
2012-01-26T16:01:42-06:00 CRIT (2): Request Parameters, Array
(
    [lang] => en-US
    [action] => listings
    [task] => calendar
    [id] => 614
    [controller] => provider
    [module] => default
    [tab] => default
)

2012-01-26T16:01:43-06:00 CRIT (2): Application error, exception 'Exception' in /var/www/library/WS/ListingService.php:524
Stack trace:
#0 /var/www/appvendors/controllers/ProviderController.php(384): WS_ListingService->getListing('614', '505')
#1 /var/www/appvendors/controllers/ProviderController.php(174): ProviderController->listingRoomsTask()
#2 /var/www/library/Zend/Controller/Action.php(513): ProviderController->listingsAction()
#3 /var/www/library/Zend/Controller/Dispatcher/Standard.php(295): Zend_Controller_Action->dispatch('listingsAction')
#4 /var/www/library/Zend/Controller/Front.php(954): Zend_Controller_Dispatcher_Standard->dispatch(Object(Zend_Controller_Request_Http), Object(Zend_Controller_Response_Http))
#5 /var/www/library/Zend/Application/Bootstrap/Bootstrap.php(97): Zend_Controller_Front->dispatch()
#6 /var/www/library/Zend/Application.php(366): Zend_Application_Bootstrap_Bootstrap->run()
#7 /var/www/partners/index.php(26): Zend_Application->run()
#8 {main}
2012-01-26T16:01:43-06:00 CRIT (2): Request Parameters, Array
(
    [lang] => en-US
    [action] => listings
    [task] => rooms
    [id] => 614
    [controller] => provider
    [module] => default
    [tab] => default
)

2012-01-26T16:34:47-06:00 CRIT (2): Application error, exception 'Exception' in /var/www/library/WS/ListingService.php:524
Stack trace:
#0 /var/www/appvendors/controllers/ProviderController.php(414): WS_ListingService->getListing('662', '882')
#1 /var/www/appvendors/controllers/ProviderController.php(179): ProviderController->listingRoomTask()
#2 /var/www/library/Zend/Controller/Action.php(513): ProviderController->listingsAction()
#3 /var/www/library/Zend/Controller/Dispatcher/Standard.php(295): Zend_Controller_Action->dispatch('listingsAction')
#4 /var/www/library/Zend/Controller/Front.php(954): Zend_Controller_Dispatcher_Standard->dispatch(Object(Zend_Controller_Request_Http), Object(Zend_Controller_Response_Http))
#5 /var/www/library/Zend/Application/Bootstrap/Bootstrap.php(97): Zend_Controller_Front->dispatch()
#6 /var/www/library/Zend/Application.php(366): Zend_Application_Bootstrap_Bootstrap->run()
#7 /var/www/partners/index.php(26): Zend_Application->run()
#8 {main}
2012-01-26T16:34:47-06:00 CRIT (2): Request Parameters, Array
(
    [lang] => en-US
    [action] => listings
    [task] => room
    [id] => 1080
    [controller] => provider
    [module] => default
    [tab] => default
)

2012-01-26T18:12:28-06:00 CRIT (2): Application error, exception 'Exception' with message 'Img not found' in /var/www/appvendors/controllers/ProviderController.php:1919
Stack trace:
#0 /var/www/appvendors/controllers/ProviderController.php(1869): ProviderController->listingPhotosDeletePic(Object(Zend_Db_Table_Row))
#1 /var/www/appvendors/controllers/ProviderController.php(1854): ProviderController->listingPhotosPostHandler(Object(Zend_Db_Table_Row))
#2 /var/www/appvendors/controllers/ProviderController.php(135): ProviderController->listingsPhotosTask()
#3 /var/www/library/Zend/Controller/Action.php(513): ProviderController->listingsAction()
#4 /var/www/library/Zend/Controller/Dispatcher/Standard.php(295): Zend_Controller_Action->dispatch('listingsAction')
#5 /var/www/library/Zend/Controller/Front.php(954): Zend_Controller_Dispatcher_Standard->dispatch(Object(Zend_Controller_Request_Http), Object(Zend_Controller_Response_Http))
#6 /var/www/library/Zend/Application/Bootstrap/Bootstrap.php(97): Zend_Controller_Front->dispatch()
#7 /var/www/library/Zend/Application.php(366): Zend_Application_Bootstrap_Bootstrap->run()
#8 /var/www/partners/index.php(26): Zend_Application->run()
#9 {main}
2012-01-26T18:12:28-06:00 CRIT (2): Request Parameters, Array
(
    [lang] => en-US
    [action] => listings
    [task] => photos
    [id] => 643
    [controller] => provider
    [module] => default
    [tab] => default
    [ids] => 643
    [img_id] => 676
    [listing_token] => 9dec71210277e8238bd3dea10f926cf6
    [form_id] => 471292aaf91c1f7a08975a523cf8d890
    [_task] => 6929798f8d0798ef34d5cc5c2745ab10
)

2012-01-26T18:28:11-06:00 CRIT (2): Application error, exception 'Zend_View_Exception' with message 'script 'listing/common/photos.phtml' not found in path (/var/www/appvendors/views/scripts/)' in /var/www/library/Zend/View/Abstract.php:988
Stack trace:
#0 /var/www/library/Zend/View/Abstract.php(884): Zend_View_Abstract->_script('listing/common/...')
#1 /var/www/library/Zend/View/Helper/Partial.php(105): Zend_View_Abstract->render('listing/common/...')
#2 [internal function]: Zend_View_Helper_Partial->partial('listing/common/...', Array)
#3 /var/www/library/Zend/View/Abstract.php(350): call_user_func_array(Array, Array)
#4 /var/www/appvendors/views/scripts/provider/listings-photos.phtml(122): Zend_View_Abstract->__call('partial', Array)
#5 /var/www/appvendors/views/scripts/provider/listings-photos.phtml(122): Zend_View->partial('listing/common/...', Array)
#6 /var/www/library/Zend/View.php(108): include('/var/www/appven...')
#7 /var/www/library/Zend/View/Abstract.php(888): Zend_View->_run('/var/www/appven...')
#8 /var/www/library/Zend/Controller/Action/Helper/ViewRenderer.php(908): Zend_View_Abstract->render('provider/listin...')
#9 /var/www/library/Zend/Controller/Action/Helper/ViewRenderer.php(929): Zend_Controller_Action_Helper_ViewRenderer->renderScript('provider/listin...', NULL)
#10 /var/www/library/Zend/Controller/Action.php(212): Zend_Controller_Action_Helper_ViewRenderer->render('listings-photos', NULL, false)
#11 /var/www/appvendors/controllers/ProviderController.php(137): Zend_Controller_Action->render('listings-photos')
#12 /var/www/library/Zend/Controller/Action.php(513): ProviderController->listingsAction()
#13 /var/www/library/Zend/Controller/Dispatcher/Standard.php(295): Zend_Controller_Action->dispatch('listingsAction')
#14 /var/www/library/Zend/Controller/Front.php(954): Zend_Controller_Dispatcher_Standard->dispatch(Object(Zend_Controller_Request_Http), Object(Zend_Controller_Response_Http))
#15 /var/www/library/Zend/Application/Bootstrap/Bootstrap.php(97): Zend_Controller_Front->dispatch()
#16 /var/www/library/Zend/Application.php(366): Zend_Application_Bootstrap_Bootstrap->run()
#17 /var/www/partners/index.php(26): Zend_Application->run()
#18 {main}
2012-01-26T18:28:11-06:00 CRIT (2): Request Parameters, Array
(
    [lang] => en-US
    [action] => listings
    [task] => photos
    [id] => 643
    [controller] => provider
    [module] => default
    [tab] => default
)

2012-01-31T01:49:13-06:00 CRIT (2): Application error, exception 'Zend_Exception' with message 'No entry is registered for key 'activity_logger'' in /var/www/library/Zend/Registry.php:147
Stack trace:
#0 /var/www/library/WS/Log.php(30): Zend_Registry::get('activity_logger')
#1 /var/www/library/WS/Log.php(23): WS_Log->__construct()
#2 /var/www/library/WS/Log.php(40): WS_Log::getInstance()
#3 /var/www/appdev/controllers/SessionController.php(21): WS_Log::info('512 has logged ...')
#4 /var/www/library/Zend/Controller/Action.php(513): SessionController->logoutAction()
#5 /var/www/library/Zend/Controller/Dispatcher/Standard.php(295): Zend_Controller_Action->dispatch('logoutAction')
#6 /var/www/library/Zend/Controller/Front.php(954): Zend_Controller_Dispatcher_Standard->dispatch(Object(Zend_Controller_Request_Http), Object(Zend_Controller_Response_Http))
#7 /var/www/library/Zend/Application/Bootstrap/Bootstrap.php(97): Zend_Controller_Front->dispatch()
#8 /var/www/library/Zend/Application.php(366): Zend_Application_Bootstrap_Bootstrap->run()
#9 /var/www/html/d3E3v8E3l5O6p7E7r3/index.php(26): Zend_Application->run()
#10 {main}
2012-01-31T01:49:13-06:00 CRIT (2): Request Parameters, Array
(
    [lang] => en-US
    [controller] => session
    [action] => logout
    [module] => default
)

