2012-01-18T20:13:28-06:00 INFO (6): Hello world
2012-01-18T20:13:36-06:00 INFO (6): Hello world
2012-01-18T20:16:38-06:00 INFO (6): Hello again
2012-01-18T20:53:54-06:00 INFO (6): User:512 has logged in
2012-01-18T20:55:34-06:00 INFO (6): User:512 has logged out
2012-01-18T20:56:01-06:00 INFO (6): User:512 has logged in
2012-01-19T16:10:07-06:00 INFO (6): User:512 has logged in
2012-01-19T16:17:25-06:00 INFO (6): User:574 has logged in
2012-01-19T16:20:44-06:00 INFO (6): User:512 has logged in
2012-01-19T17:42:21-06:00 INFO (6): User:604 has logged in
2012-01-19T17:44:40-06:00 INFO (6): User:604 has logged out
2012-01-19T17:48:47-06:00 INFO (6): User:512 has logged in
2012-01-19T18:20:16-06:00 INFO (6): User:574 has logged in
2012-01-19T18:38:14-06:00 INFO (6): User:574 has logged out
2012-01-19T18:53:18-06:00 INFO (6): User:574 has logged in
2012-01-19T18:54:26-06:00 INFO (6): User:512 has logged in
2012-01-19T20:35:17-06:00 INFO (6): User:512 has logged in
2012-01-20T13:33:02-06:00 INFO (6): User:512 has logged in
2012-01-20T13:41:31-06:00 INFO (6): User:512 has logged out
2012-01-20T14:49:09-06:00 INFO (6): User: has requested an Invitation
2012-01-20T15:06:30-06:00 INFO (6): User:cris@cristiantours.com has requested an Invitation
2012-01-20T15:28:17-06:00 INFO (6): User:cris@cristiantours.com has requested an Invitation
2012-01-20T15:30:36-06:00 INFO (6): User:cristian@test10.com has requested an Invitation
2012-01-20T15:31:12-06:00 INFO (6): User:607 has logged in
2012-01-20T15:32:31-06:00 INFO (6): User:607 has logged out
2012-01-20T15:33:16-06:00 INFO (6): User:608 has logged out
2012-01-20T16:29:24-06:00 INFO (6): User:512 has logged in
2012-01-20T16:46:37-06:00 INFO (6): User:609 has logged in
2012-01-20T16:47:38-06:00 INFO (6): User:609 has logged out
2012-01-20T16:55:36-06:00 INFO (6): User:594 has logged in
2012-01-20T17:02:36-06:00 INFO (6): User:610 has logged out
2012-01-20T17:06:48-06:00 INFO (6): User:512 has logged in
2012-01-20T17:25:42-06:00 INFO (6): User:606 has logged in
2012-01-20T17:43:58-06:00 INFO (6): User:512 has logged in
2012-01-20T18:17:32-06:00 INFO (6): User:611 has logged out
2012-01-20T18:17:50-06:00 INFO (6): User:609 has logged in
2012-01-20T18:20:22-06:00 INFO (6): User:574 has logged in
2012-01-20T18:51:28-06:00 INFO (6): User:606 has logged in
2012-01-20T19:03:04-06:00 INFO (6): User:612 has logged out
2012-01-20T19:03:22-06:00 INFO (6): User:512 has logged in
2012-01-20T19:27:11-06:00 INFO (6): User:574 has logged in
2012-01-20T19:53:09-06:00 INFO (6): User:512 has logged in
2012-01-23T09:46:46-06:00 INFO (6): User:512 has logged in
2012-01-23T09:46:58-06:00 INFO (6): User:512 has logged out
2012-01-23T11:22:46-06:00 INFO (6): User:512 has logged in
2012-01-23T16:18:42-06:00 INFO (6): User:596 has logged in
2012-01-23T16:28:43-06:00 INFO (6): User:574 has logged in
2012-01-23T16:29:00-06:00 INFO (6): User:614 has logged out
2012-01-23T16:35:43-06:00 INFO (6): User:614 has logged in
2012-01-23T16:47:43-06:00 INFO (6): User:596 has logged out
2012-01-23T17:09:39-06:00 INFO (6): User:614 has logged in
2012-01-23T17:55:54-06:00 INFO (6): User:614 has logged in
2012-01-23T17:56:25-06:00 INFO (6): User:614 has logged in
2012-01-23T17:59:59-06:00 INFO (6): User:614 has logged in
2012-01-23T18:06:43-06:00 INFO (6): User:512 has logged in
2012-01-23T18:08:47-06:00 INFO (6): User:512 has logged in
2012-01-23T18:09:19-06:00 INFO (6): User:512 has logged in
2012-01-23T18:30:09-06:00 INFO (6): User:614 has logged in
2012-01-23T18:36:36-06:00 INFO (6): User:512 has logged in
2012-01-23T19:33:16-06:00 INFO (6): User:614 has logged out
2012-01-24T10:35:26-06:00 INFO (6): User:614 has logged in
2012-01-24T10:35:54-06:00 INFO (6): User:614 has logged out
2012-01-24T10:36:13-06:00 INFO (6): User:614 has logged in
2012-01-24T11:56:29-06:00 INFO (6): User:512 has logged in
2012-01-24T11:59:40-06:00 INFO (6): User:512 has logged out
2012-01-24T14:03:47-06:00 INFO (6): User:512 has logged in
2012-01-24T14:46:52-06:00 INFO (6): User:512 has logged in
2012-01-24T16:58:37-06:00 INFO (6): User:512 has logged in
2012-01-24T20:23:42-06:00 INFO (6): User:580 has logged in
2012-01-24T20:31:52-06:00 INFO (6): User:580 has logged out
2012-01-24T20:32:18-06:00 INFO (6): User:599 has logged in
2012-01-25T12:28:53-06:00 INFO (6): User:617 has logged in
2012-01-25T13:47:07-06:00 INFO (6): User:617 has logged in
2012-01-25T14:37:46-06:00 INFO (6): User:617 has logged in
2012-01-25T15:15:16-06:00 INFO (6): User:617 has logged in
2012-01-25T15:29:19-06:00 INFO (6): User:584 has logged in
2012-01-25T17:04:12-06:00 INFO (6): User:512 has logged in
2012-01-25T17:06:37-06:00 INFO (6): User:512 has logged in
2012-01-25T17:46:50-06:00 INFO (6): User:512 has logged out
2012-01-25T17:52:52-06:00 INFO (6): User:512 has logged in
2012-01-25T18:30:55-06:00 INFO (6): User:512 has logged in
2012-01-25T19:20:00-06:00 INFO (6): User:512 has logged in
